0 info it worked if it ends with ok
1 verbose cli [ '/Users/Thunder/.nvm/versions/node/v6.9.1/bin/node',
1 verbose cli   '/Users/Thunder/.nvm/versions/node/v6.9.1/bin/npm',
1 verbose cli   'start' ]
2 info using npm@4.1.2
3 info using node@v6.9.1
4 verbose run-script [ 'prestart', 'start', 'poststart' ]
5 info lifecycle quantificador@1.0.0~prestart: quantificador@1.0.0
6 silly lifecycle quantificador@1.0.0~prestart: no script for prestart, continuing
7 info lifecycle quantificador@1.0.0~start: quantificador@1.0.0
8 verbose lifecycle quantificador@1.0.0~start: unsafe-perm in lifecycle true
9 verbose lifecycle quantificador@1.0.0~start: PATH: /Users/Thunder/.nvm/versions/node/v6.9.1/lib/node_modules/npm/bin/node-gyp-bin:/Users/Thunder/git/quantificador/node_modules/.bin:/Users/Thunder/.nvm/versions/node/v6.9.1/bin:/Users/Thunder/.rvm/gems/ruby-2.3.1/bin:/Users/Thunder/.rvm/gems/ruby-2.3.1@global/bin:/Users/Thunder/.rvm/rubies/ruby-2.3.1/bin:/Applications/Postgres.app/Contents/Versions/9.5/bin:/Users/Thunder/bin:/usr/local/bin:/usr/local/bin:/usr/bin:/bin:/usr/sbin:/sbin:/Users/Thunder/.yarn/bin:/Users/Thunder/.rvm/bin:/Users/Thunder/.rvm/bin
10 verbose lifecycle quantificador@1.0.0~start: CWD: /Users/Thunder/git/quantificador
11 silly lifecycle quantificador@1.0.0~start: Args: [ '-c', 'node index.js' ]
12 silly lifecycle quantificador@1.0.0~start: Returned: code: 1  signal: null
13 info lifecycle quantificador@1.0.0~start: Failed to exec start script
14 verbose stack Error: quantificador@1.0.0 start: `node index.js`
14 verbose stack Exit status 1
14 verbose stack     at EventEmitter.<anonymous> (/Users/Thunder/.nvm/versions/node/v6.9.1/lib/node_modules/npm/lib/utils/lifecycle.js:279:16)
14 verbose stack     at emitTwo (events.js:106:13)
14 verbose stack     at EventEmitter.emit (events.js:191:7)
14 verbose stack     at ChildProcess.<anonymous> (/Users/Thunder/.nvm/versions/node/v6.9.1/lib/node_modules/npm/lib/utils/spawn.js:40:14)
14 verbose stack     at emitTwo (events.js:106:13)
14 verbose stack     at ChildProcess.emit (events.js:191:7)
14 verbose stack     at maybeClose (internal/child_process.js:877:16)
14 verbose stack     at Process.ChildProcess._handle.onexit (internal/child_process.js:226:5)
15 verbose pkgid quantificador@1.0.0
16 verbose cwd /Users/Thunder/git/quantificador
17 error Darwin 16.3.0
18 error argv "/Users/Thunder/.nvm/versions/node/v6.9.1/bin/node" "/Users/Thunder/.nvm/versions/node/v6.9.1/bin/npm" "start"
19 error node v6.9.1
20 error npm  v4.1.2
21 error code ELIFECYCLE
22 error quantificador@1.0.0 start: `node index.js`
22 error Exit status 1
23 error Failed at the quantificador@1.0.0 start script 'node index.js'.
23 error Make sure you have the latest version of node.js and npm installed.
23 error If you do, this is most likely a problem with the quantificador package,
23 error not with npm itself.
23 error Tell the author that this fails on your system:
23 error     node index.js
23 error You can get information on how to open an issue for this project with:
23 error     npm bugs quantificador
23 error Or if that isn't available, you can get their info via:
23 error     npm owner ls quantificador
23 error There is likely additional logging output above.
24 verbose exit [ 1, true ]
